<?xml version="1.0" encoding="UTF-8"?>
<testsuite xmlns:xsi="http://www.w3.org/2001/XMLSchema-instance" xsi:noNamespaceSchemaLocation="https://maven.apache.org/surefire/maven-surefire-plugin/xsd/surefire-test-report-3.0.xsd" version="3.0" name="com.todo.AppTest" time="0.087" tests="2" errors="0" skipped="0" failures="0">
  <properties>
[...]
</properties>
  <testcase name="testAddTask" classname="com.todo.AppTest" time="0.048">
    <system-out><![CDATA[Added: Task 1
]]></system-out>
  </testcase>
  <testcase name="testMarkDone" classname="com.todo.AppTest" time="0.004">
    <system-out><![CDATA[Added: Task 2
Task 2 completed.
]]></system-out>
  </testcase>
</testsuite>